Performing C SOURCE FILE Test CMAKE_HAVE_LIBC_PTHREAD failed with the following output:
Change Dir: /home/satoshi/citbrains_control_training/controllers/build/CMakeFiles/CMakeTmp

Run Build Command(s):/usr/bin/make cmTC_dfdcf/fast && /usr/bin/make  -f CMakeFiles/cmTC_dfdcf.dir/build.make CMakeFiles/cmTC_dfdcf.dir/build
make[1]: Entering directory '/home/satoshi/citbrains_control_training/controllers/build/CMakeFiles/CMakeTmp'
Building C object CMakeFiles/cmTC_dfdcf.dir/src.c.o
/usr/bin/cc   -DCMAKE_HAVE_LIBC_PTHREAD -o CMakeFiles/cmTC_dfdcf.dir/src.c.o -c /home/satoshi/citbrains_control_training/controllers/build/CMakeFiles/CMakeTmp/src.c
Linking C executable cmTC_dfdcf
/home/satoshi/.local/lib/python3.6/site-packages/cmake/data/bin/cmake -E cmake_link_script CMakeFiles/cmTC_dfdcf.dir/link.txt --verbose=1
/usr/bin/cc  -DCMAKE_HAVE_LIBC_PTHREAD CMakeFiles/cmTC_dfdcf.dir/src.c.o -o cmTC_dfdcf 
CMakeFiles/cmTC_dfdcf.dir/src.c.o: In function `main':
src.c:(.text+0x3e): undefined reference to `pthread_create'
src.c:(.text+0x4a): undefined reference to `pthread_detach'
src.c:(.text+0x56): undefined reference to `pthread_cancel'
src.c:(.text+0x67): undefined reference to `pthread_join'
src.c:(.text+0x7b): undefined reference to `pthread_atfork'
collect2: error: ld returned 1 exit status
CMakeFiles/cmTC_dfdcf.dir/build.make:105: recipe for target 'cmTC_dfdcf' failed
make[1]: *** [cmTC_dfdcf] Error 1
make[1]: Leaving directory '/home/satoshi/citbrains_control_training/controllers/build/CMakeFiles/CMakeTmp'
Makefile:140: recipe for target 'cmTC_dfdcf/fast' failed
make: *** [cmTC_dfdcf/fast] Error 2


Source file was:
#include <pthread.h>

void* test_func(void* data)
{
  return data;
}

int main(void)
{
  pthread_t thread;
  pthread_create(&thread, NULL, test_func, NULL);
  pthread_detach(thread);
  pthread_cancel(thread);
  pthread_join(thread, NULL);
  pthread_atfork(NULL, NULL, NULL);
  pthread_exit(NULL);

  return 0;
}

Determining if the function pthread_create exists in the pthreads failed with the following output:
Change Dir: /home/satoshi/citbrains_control_training/controllers/build/CMakeFiles/CMakeTmp

Run Build Command(s):/usr/bin/make cmTC_81bc5/fast && /usr/bin/make  -f CMakeFiles/cmTC_81bc5.dir/build.make CMakeFiles/cmTC_81bc5.dir/build
make[1]: Entering directory '/home/satoshi/citbrains_control_training/controllers/build/CMakeFiles/CMakeTmp'
Building C object CMakeFiles/cmTC_81bc5.dir/CheckFunctionExists.c.o
/usr/bin/cc   -DCHECK_FUNCTION_EXISTS=pthread_create -o CMakeFiles/cmTC_81bc5.dir/CheckFunctionExists.c.o -c /home/satoshi/.local/lib/python3.6/site-packages/cmake/data/share/cmake-3.18/Modules/CheckFunctionExists.c
Linking C executable cmTC_81bc5
/home/satoshi/.local/lib/python3.6/site-packages/cmake/data/bin/cmake -E cmake_link_script CMakeFiles/cmTC_81bc5.dir/link.txt --verbose=1
/usr/bin/cc  -DCHECK_FUNCTION_EXISTS=pthread_create CMakeFiles/cmTC_81bc5.dir/CheckFunctionExists.c.o -o cmTC_81bc5  -lpthreads 
/usr/bin/ld: cannot find -lpthreads
collect2: error: ld returned 1 exit status
CMakeFiles/cmTC_81bc5.dir/build.make:105: recipe for target 'cmTC_81bc5' failed
make[1]: *** [cmTC_81bc5] Error 1
make[1]: Leaving directory '/home/satoshi/citbrains_control_training/controllers/build/CMakeFiles/CMakeTmp'
Makefile:140: recipe for target 'cmTC_81bc5/fast' failed
make: *** [cmTC_81bc5/fast] Error 2



